<?xml version="1.0" encoding="utf-8"?><testsuites name="pytest tests"><testsuite name="pytest" errors="0" failures="1" skipped="0" tests="23" time="157.818" timestamp="2026-04-17T14:12:13.320882+00:00" hostname="agent-env-6a828a4d-3ff3-4fff-98b6-051dcb852f5e"><testcase classname="backend.tests.test_evidencepilot.TestHealthAndCategories" name="test_api_root" time="0.192" /><testcase classname="backend.tests.test_evidencepilot.TestHealthAndCategories" name="test_get_categories" time="0.109" /><testcase classname="backend.tests.test_evidencepilot.TestHealthAndCategories" name="test_get_logic_tree_auth_saml" time="0.108" /><testcase classname="backend.tests.test_evidencepilot.TestHealthAndCategories" name="test_get_logic_tree_web_tier" time="0.145" /><testcase classname="backend.tests.test_evidencepilot.TestHealthAndCategories" name="test_get_logic_tree_pro_crash" time="0.153" /><testcase classname="backend.tests.test_evidencepilot.TestHealthAndCategories" name="test_get_logic_tree_default_fallback" time="0.169" /><testcase classname="backend.tests.test_evidencepilot.TestCaseCRUD" name="test_create_case" time="0.275" /><testcase classname="backend.tests.test_evidencepilot.TestCaseCRUD" name="test_list_cases" time="0.337" /><testcase classname="backend.tests.test_evidencepilot.TestCaseCRUD" name="test_get_case" time="0.403" /><testcase classname="backend.tests.test_evidencepilot.TestCaseCRUD" name="test_update_case" time="0.397" /><testcase classname="backend.tests.test_evidencepilot.TestCaseCRUD" name="test_delete_case" time="0.411" /><testcase classname="backend.tests.test_evidencepilot.TestFileOperations" name="test_upload_file_with_layer_detection" time="0.352" /><testcase classname="backend.tests.test_evidencepilot.TestFileOperations" name="test_update_file_layer" time="0.507" /><testcase classname="backend.tests.test_evidencepilot.TestFileOperations" name="test_preview_file" time="0.449" /><testcase classname="backend.tests.test_evidencepilot.TestLogicTree" name="test_save_logic_answers" time="0.347" /><testcase classname="backend.tests.test_evidencepilot.TestScore" name="test_get_score" time="0.358" /><testcase classname="backend.tests.test_evidencepilot.TestAIAnalysis" name="test_analyze_dual_providers" time="120.520"><failure message="AssertionError: Analyze failed: The preview environment is not responding. It may be starting up.&#10;  &#10;assert 502 == 200&#10; +  where 502 = &lt;Response [502]&gt;.status_code">backend/tests/test_evidencepilot.py:470: in test_analyze_dual_providers
    assert response.status_code == 200, f"Analyze failed: {response.text}"
E   AssertionError: Analyze failed: The preview environment is not responding. It may be starting up.
E     
E   assert 502 == 200
E    +  where 502 = &lt;Response [502]&gt;.status_code</failure></testcase><testcase classname="backend.tests.test_evidencepilot.TestExport" name="test_export_markdown" time="30.994" /><testcase classname="backend.tests.test_evidencepilot.TestExport" name="test_export_json" time="0.382" /><testcase classname="backend.tests.test_evidencepilot.TestExport" name="test_export_html" time="0.355" /><testcase classname="backend.tests.test_evidencepilot.TestSettings" name="test_get_settings" time="0.101" /><testcase classname="backend.tests.test_evidencepilot.TestSettings" name="test_update_settings" time="0.470" /><testcase classname="backend.tests.test_evidencepilot.TestDashboard" name="test_dashboard_stats" time="0.106" /></testsuite></testsuites>