<?xml version="1.0" encoding="utf-8"?><testsuites name="pytest tests"><testsuite name="pytest" errors="0" failures="2" skipped="0" tests="21" time="187.504" timestamp="2026-05-26T14:14:09.501504+00:00" hostname="agent-env-6a828a4d-3ff3-4fff-98b6-051dcb852f5e"><testcase classname="backend.tests.test_retrieval_rag.TestRetrievalStats" name="test_retrieval_stats_empty_case" time="0.565" /><testcase classname="backend.tests.test_retrieval_rag.TestRetrievalStats" name="test_background_indexing_on_upload" time="3.660" /><testcase classname="backend.tests.test_retrieval_rag.TestRetrievalStats" name="test_retrieval_stats_404_for_nonexistent_case" time="0.145" /><testcase classname="backend.tests.test_retrieval_rag.TestRetrievalSearch" name="test_retrieval_search_returns_ranked_hits" time="9.151" /><testcase classname="backend.tests.test_retrieval_rag.TestRetrievalSearch" name="test_retrieval_search_empty_query_uses_case_context" time="5.742" /><testcase classname="backend.tests.test_retrieval_rag.TestFileReindex" name="test_reindex_file" time="10.478" /><testcase classname="backend.tests.test_retrieval_rag.TestFileReindex" name="test_reindex_nonexistent_file_404" time="0.378" /><testcase classname="backend.tests.test_retrieval_rag.TestVectorCleanup" name="test_delete_file_clears_vectors" time="8.714" /><testcase classname="backend.tests.test_retrieval_rag.TestVectorCleanup" name="test_delete_case_clears_all_vectors" time="6.086" /><testcase classname="backend.tests.test_retrieval_rag.TestAIAnalysisWithRetrieval" name="test_analyze_returns_retrieval_metadata" time="92.320"><failure message="requests.exceptions.JSONDecodeError: Expecting value: line 1 column 1 (char 0)">/root/.venv/lib/python3.11/site-packages/requests/models.py:978: in json
    return complexjson.loads(self.text, **kwargs)
           ^^^^^^^^^^^^^^^^^^^^^^^^^^^^^^^^^^^^^^
/usr/local/lib/python3.11/json/__init__.py:346: in loads
    return _default_decoder.decode(s)
           ^^^^^^^^^^^^^^^^^^^^^^^^^^
/usr/local/lib/python3.11/json/decoder.py:337: in decode
    obj, end = self.raw_decode(s, idx=_w(s, 0).end())
               ^^^^^^^^^^^^^^^^^^^^^^^^^^^^^^^^^^^^^^
/usr/local/lib/python3.11/json/decoder.py:355: in raw_decode
    raise JSONDecodeError("Expecting value", s, err.value) from None
E   json.decoder.JSONDecodeError: Expecting value: line 1 column 1 (char 0)

During handling of the above exception, another exception occurred:
backend/tests/test_retrieval_rag.py:459: in test_analyze_returns_retrieval_metadata
    status = status_resp.json()
             ^^^^^^^^^^^^^^^^^^
/root/.venv/lib/python3.11/site-packages/requests/models.py:982: in json
    raise RequestsJSONDecodeError(e.msg, e.doc, e.pos)
E   requests.exceptions.JSONDecodeError: Expecting value: line 1 column 1 (char 0)</failure></testcase><testcase classname="backend.tests.test_retrieval_rag.TestAIAnalysisWithRetrieval" name="test_analyze_likely_layer_matches_high_score_chunks" time="47.065" /><testcase classname="backend.tests.test_retrieval_rag.TestRetrievalSettings" name="test_settings_include_retrieval_params" time="0.115"><failure message="AssertionError: assert 'retrieval_top_k' in {'escalation_contact': 'corp.support.help@esri.ca', 'max_upload_mb': 512, 'provider_a_api_key': '', 'provider_a_api_key_set': False, ...}">backend/tests/test_retrieval_rag.py:562: in test_settings_include_retrieval_params
    assert "retrieval_top_k" in data
E   AssertionError: assert 'retrieval_top_k' in {'escalation_contact': 'corp.support.help@esri.ca', 'max_upload_mb': 512, 'provider_a_api_key': '', 'provider_a_api_key_set': False, ...}</failure></testcase><testcase classname="backend.tests.test_retrieval_rag.TestRetrievalSettings" name="test_settings_roundtrip_retrieval_params" time="0.502" /><testcase classname="backend.tests.test_retrieval_rag.TestRegressionExistingEndpoints" name="test_api_root" time="0.110" /><testcase classname="backend.tests.test_retrieval_rag.TestRegressionExistingEndpoints" name="test_categories" time="0.107" /><testcase classname="backend.tests.test_retrieval_rag.TestRegressionExistingEndpoints" name="test_case_crud" time="0.576" /><testcase classname="backend.tests.test_retrieval_rag.TestRegressionExistingEndpoints" name="test_file_upload" time="0.468" /><testcase classname="backend.tests.test_retrieval_rag.TestRegressionExistingEndpoints" name="test_dashboard_stats" time="0.124" /><testcase classname="backend.tests.test_retrieval_rag.TestRegressionExistingEndpoints" name="test_export" time="0.579" /><testcase classname="backend.tests.test_retrieval_rag.TestRegressionExistingEndpoints" name="test_logic_tree" time="0.111" /><testcase classname="backend.tests.test_retrieval_rag.TestRegressionExistingEndpoints" name="test_analyze_status" time="0.338" /></testsuite></testsuites>